
Gurobi 7.0.1 (win64, Python) logging started 08/29/18 23:43:46

Read LP format model from file Toy_r1_r3_r2.lp
Reading time = 0.00 seconds
: 265 rows, 140 columns, 796 nonzeros
Optimize a model with 265 rows, 140 columns and 796 nonzeros
Variable types: 0 continuous, 140 integer (140 binary)
Coefficient statistics:
  Matrix range     [1e+00, 3e+00]
  Objective range  [1e+00, 1e+00]
  Bounds range     [1e+00, 1e+00]
  RHS range        [1e+00, 2e+01]
Found heuristic solution: objective 7
Presolve removed 252 rows and 132 columns
Presolve time: 0.00s
Presolved: 13 rows, 8 columns, 48 nonzeros
Variable types: 0 continuous, 8 integer (8 binary)

Root relaxation: objective 5.333333e+00, 6 iterations, 0.00 seconds

    Nodes    |    Current Node    |     Objective Bounds      |     Work
 Expl Unexpl |  Obj  Depth IntInf | Incumbent    BestBd   Gap | It/Node Time

     0     0    5.33333    0    6    7.00000    5.33333  23.8%     -    0s
     0     0     cutoff    0         7.00000    6.00001  14.3%     -    0s

Cutting planes:
  Gomory: 1
  Cover: 1
  Clique: 6

Explored 0 nodes (13 simplex iterations) in 0.02 seconds
Thread count was 4 (of 4 available processors)

Solution count 1: 7 
Pool objective bound 7

Optimal solution found (tolerance 1.00e-04)
Best objective 7.000000000000e+00, best bound 7.000000000000e+00, gap 0.0000%
