
Gurobi 7.0.1 (win64, Python) logging started 08/29/18 23:49:45


Gurobi 7.0.1 (win64, Python) logging started 08/29/18 23:51:23

Read LP format model from file AES128_r0_r4_r2.lp
Reading time = 0.01 seconds
: 1027 rows, 633 columns, 3319 nonzeros
Optimize a model with 1027 rows, 633 columns and 3319 nonzeros
Variable types: 0 continuous, 633 integer (633 binary)
Coefficient statistics:
  Matrix range     [1e+00, 2e+01]
  Objective range  [1e+00, 1e+00]
  Bounds range     [1e+00, 1e+00]
  RHS range        [1e+00, 2e+01]
Presolve removed 914 rows and 512 columns
Presolve time: 0.01s
Presolved: 113 rows, 121 columns, 543 nonzeros
Variable types: 0 continuous, 121 integer (121 binary)

Root relaxation: objective 2.666667e+00, 59 iterations, 0.00 seconds

    Nodes    |    Current Node    |     Objective Bounds      |     Work
 Expl Unexpl |  Obj  Depth IntInf | Incumbent    BestBd   Gap | It/Node Time

     0     0    2.66667    0    7          -    2.66667      -     -    0s
H    0     0                      15.0000000    2.66667  82.2%     -    0s
     0     0    2.66667    0   14   15.00000    2.66667  82.2%     -    0s
     0     0    2.66667    0   13   15.00000    2.66667  82.2%     -    0s
     0     0    2.88889    0   43   15.00000    2.88889  80.7%     -    0s
     0     0    3.40196    0   41   15.00000    3.40196  77.3%     -    0s
     0     0    4.00000    0   28   15.00000    4.00000  73.3%     -    0s
     0     0    4.05556    0   68   15.00000    4.05556  73.0%     -    0s
     0     0    4.08333    0   63   15.00000    4.08333  72.8%     -    0s
     0     0    4.09091    0   70   15.00000    4.09091  72.7%     -    0s
     0     0    4.10000    0   65   15.00000    4.10000  72.7%     -    0s
     0     0    4.10000    0   61   15.00000    4.10000  72.7%     -    0s
H    0     0                      13.0000000    4.10000  68.5%     -    0s
H    0     0                      12.0000000    4.10000  65.8%     -    0s
     0     2    4.10000    0   59   12.00000    4.10000  65.8%     -    0s

Cutting planes:
  Gomory: 6
  Cover: 34
  Clique: 9
  MIR: 9
  StrongCG: 2
  Zero half: 1

Explored 87 nodes (1015 simplex iterations) in 0.11 seconds
Thread count was 4 (of 4 available processors)

Solution count 3: 12 13 15 
Pool objective bound 12

Optimal solution found (tolerance 1.00e-04)
Best objective 1.200000000000e+01, best bound 1.200000000000e+01, gap 0.0000%
Read LP format model from file AES128_r1_r4_r2.lp
Reading time = 0.01 seconds
: 1187 rows, 729 columns, 3959 nonzeros
Optimize a model with 1187 rows, 729 columns and 3959 nonzeros
Variable types: 0 continuous, 729 integer (729 binary)
Coefficient statistics:
  Matrix range     [1e+00, 2e+01]
  Objective range  [1e+00, 1e+00]
  Bounds range     [1e+00, 1e+00]
  RHS range        [1e+00, 3e+01]
Presolve removed 949 rows and 536 columns
Presolve time: 0.02s
Presolved: 238 rows, 193 columns, 1031 nonzeros
Variable types: 0 continuous, 193 integer (193 binary)
Found heuristic solution: objective 9.0000000

Root relaxation: objective 2.583333e+00, 139 iterations, 0.00 seconds

    Nodes    |    Current Node    |     Objective Bounds      |     Work
 Expl Unexpl |  Obj  Depth IntInf | Incumbent    BestBd   Gap | It/Node Time

     0     0    2.58333    0   17    9.00000    2.58333  71.3%     -    0s
     0     0    2.58333    0   18    9.00000    2.58333  71.3%     -    0s
     0     0    2.58333    0   19    9.00000    2.58333  71.3%     -    0s
     0     0    4.64430    0   76    9.00000    4.64430  48.4%     -    0s
     0     0    4.96544    0  102    9.00000    4.96544  44.8%     -    0s
     0     0    6.87500    0   84    9.00000    6.87500  23.6%     -    0s
     0     0    7.00000    0   31    9.00000    7.00000  22.2%     -    0s
     0     0    7.02083    0  111    9.00000    7.02083  22.0%     -    0s
     0     0    7.06926    0  151    9.00000    7.06926  21.5%     -    0s
     0     0    7.10847    0  147    9.00000    7.10847  21.0%     -    0s
     0     0    7.10847    0  148    9.00000    7.10847  21.0%     -    0s
     0     0    7.20370    0  144    9.00000    7.20370  20.0%     -    0s
     0     0    7.20370    0  141    9.00000    7.20370  20.0%     -    0s
     0     0    7.20922    0  142    9.00000    7.20922  19.9%     -    0s
     0     0    7.21014    0  142    9.00000    7.21014  19.9%     -    0s
     0     0    7.24348    0  132    9.00000    7.24348  19.5%     -    0s
     0     0    7.26570    0  140    9.00000    7.26570  19.3%     -    0s
     0     0    7.29348    0  140    9.00000    7.29348  19.0%     -    0s
     0     0    7.29348    0  118    9.00000    7.29348  19.0%     -    0s
     0     2    7.29348    0  112    9.00000    7.29348  19.0%     -    0s

Cutting planes:
  Gomory: 6
  Cover: 33
  Clique: 25
  MIR: 5
  Mod-K: 7

Explored 11 nodes (1092 simplex iterations) in 0.25 seconds
Thread count was 4 (of 4 available processors)

Solution count 1: 9 
Pool objective bound 9

Optimal solution found (tolerance 1.00e-04)
Best objective 9.000000000000e+00, best bound 9.000000000000e+00, gap 0.0000%
Read LP format model from file AES192_r1_r4_r3.lp
Reading time = 0.01 seconds
: 1283 rows, 809 columns, 4263 nonzeros
Optimize a model with 1283 rows, 809 columns and 4263 nonzeros
Variable types: 0 continuous, 809 integer (809 binary)
Coefficient statistics:
  Matrix range     [1e+00, 2e+01]
  Objective range  [1e+00, 1e+00]
  Bounds range     [1e+00, 1e+00]
  RHS range        [1e+00, 4e+01]
Presolve removed 1089 rows and 648 columns
Presolve time: 0.01s
Presolved: 194 rows, 161 columns, 859 nonzeros
Variable types: 0 continuous, 161 integer (161 binary)
Found heuristic solution: objective 23.0000000

Root relaxation: objective 1.700000e+01, 83 iterations, 0.00 seconds

    Nodes    |    Current Node    |     Objective Bounds      |     Work
 Expl Unexpl |  Obj  Depth IntInf | Incumbent    BestBd   Gap | It/Node Time

     0     0   17.00000    0    9   23.00000   17.00000  26.1%     -    0s
H    0     0                      22.0000000   17.00000  22.7%     -    0s
     0     0   17.86111    0   26   22.00000   17.86111  18.8%     -    0s
     0     0   17.91667    0   35   22.00000   17.91667  18.6%     -    0s
     0     0   20.51515    0   58   22.00000   20.51515  6.75%     -    0s
     0     0     cutoff    0        22.00000   21.00002  4.55%     -    0s

Cutting planes:
  Gomory: 2
  Cover: 15
  Clique: 13
  MIR: 3
  Zero half: 2

Explored 0 nodes (282 simplex iterations) in 0.08 seconds
Thread count was 4 (of 4 available processors)

Solution count 2: 22 23 
Pool objective bound 22

Optimal solution found (tolerance 1.00e-04)
Best objective 2.200000000000e+01, best bound 2.200000000000e+01, gap 0.0000%
Read LP format model from file AES256_r1_r5_r3.lp
Reading time = 0.01 seconds
: 1459 rows, 905 columns, 4775 nonzeros
Optimize a model with 1459 rows, 905 columns and 4775 nonzeros
Variable types: 0 continuous, 905 integer (905 binary)
Coefficient statistics:
  Matrix range     [1e+00, 2e+01]
  Objective range  [1e+00, 1e+00]
  Bounds range     [1e+00, 1e+00]
  RHS range        [1e+00, 5e+01]
Presolve removed 1369 rows and 800 columns
Presolve time: 0.01s
Presolved: 90 rows, 105 columns, 535 nonzeros
Variable types: 0 continuous, 105 integer (105 binary)
Found heuristic solution: objective 29.0000000
Found heuristic solution: objective 25.0000000

Root relaxation: objective 2.100000e+01, 30 iterations, 0.00 seconds

    Nodes    |    Current Node    |     Objective Bounds      |     Work
 Expl Unexpl |  Obj  Depth IntInf | Incumbent    BestBd   Gap | It/Node Time

     0     0   21.00000    0    1   25.00000   21.00000  16.0%     -    0s
H    0     0                      24.0000000   21.00000  12.5%     -    0s
     0     0   21.00000    0    1   24.00000   21.00000  12.5%     -    0s
     0     0 infeasible    0        24.00000   24.00000  0.00%     -    0s

Explored 0 nodes (98 simplex iterations) in 0.08 seconds
Thread count was 4 (of 4 available processors)

Solution count 3: 24 25 29 
Pool objective bound 24

Optimal solution found (tolerance 1.00e-04)
Best objective 2.400000000000e+01, best bound 2.400000000000e+01, gap 0.0000%
